
Showing logs for build [32mmeta-jstrachan-godemo61-master-b9spp-13[0m stage [32mmeta-pipeline[0m and container [32mstep-credential-initializer-mz9sq[0m
{"level":"info","ts":1597579669.8327851,"logger":"fallback-logger","caller":"logging/config.go:69","msg":"Fetch GitHub commit ID from kodata failed: open /var/run/ko/refs/heads/0.8.0-ns-support: no such file or directory"}
{"level":"info","ts":1597579669.833104,"logger":"fallback-logger","caller":"creds-init/main.go:40","msg":"Credentials initialized."}

Showing logs for build [32mmeta-jstrachan-godemo61-master-b9spp-13[0m stage [32mmeta-pipeline[0m and container [32mstep-working-dir-initializer-z5z5r[0m
{"level":"info","ts":1597579670.3649845,"logger":"fallback-logger","caller":"logging/config.go:69","msg":"Fetch GitHub commit ID from kodata failed: open /var/run/ko/HEAD: no such file or directory"}
{"level":"info","ts":1597579670.3687005,"logger":"fallback-logger","caller":"bash/main.go:64","msg":"Successfully executed command \"sh -c mkdir -p /workspace/source\"; output "}

Showing logs for build [32mmeta-jstrachan-godemo61-master-b9spp-13[0m stage [32mmeta-pipeline[0m and container [32mstep-place-tools[0m

Showing logs for build [32mmeta-jstrachan-godemo61-master-b9spp-13[0m stage [32mmeta-pipeline[0m and container [32mstep-git-source-meta-jstrachan-godemo61-master-b9spp-x7zvg[0m
{"level":"info","ts":1597579676.483854,"logger":"fallback-logger","caller":"logging/config.go:69","msg":"Fetch GitHub commit ID from kodata failed: open /var/run/ko/refs/heads/0.8.0-ns-support: no such file or directory"}
{"level":"info","ts":1597579677.8220897,"logger":"fallback-logger","caller":"git/git.go:103","msg":"Successfully cloned https://github.com/*********/godemo61.git @ bcbc98ac5d52ff8fe62d1292a52bbe072a679a21 in path /workspace/source"}

Showing logs for build [32mmeta-jstrachan-godemo61-master-b9spp-13[0m stage [32mmeta-pipeline[0m and container [32mstep-setup-builder-home[0m

Showing logs for build [32mmeta-jstrachan-godemo61-master-b9spp-13[0m stage [32mmeta-pipeline[0m and container [32mstep-git-merge[0m
Using SHAs from PULL_REFS=master:bcbc98ac5d52ff8fe62d1292a52bbe072a679a21
WARNING: no SHAs to merge, falling back to initial cloned commit

Showing logs for build [32mmeta-jstrachan-godemo61-master-b9spp-13[0m stage [32mmeta-pipeline[0m and container [32mstep-merge-pull-refs[0m
SKIP merge-pull-refs: Nothing to merge

Showing logs for build [32mmeta-jstrachan-godemo61-master-b9spp-13[0m stage [32mmeta-pipeline[0m and container [32mstep-create-effective-pipeline[0m
Cloning the Jenkins X versions repo https://github.com/jenkins-x/**r-versions.git with ref refs/heads/master to /home/.**/jenkins-x-versions
Effective pipeline written to jenkins-x-release-effective.yml

Showing logs for build [32mmeta-jstrachan-godemo61-master-b9spp-13[0m stage [32mmeta-pipeline[0m and container [32mstep-create-tekton-crds[0m
Cloning the Jenkins X versions repo https://github.com/jenkins-x/**r-versions.git with ref refs/heads/master to /home/.**/jenkins-x-versions
running command: ** step next-version --use-git-tag-only
created new version: 0.0.39 and written to file: ./VERSION

running command: ** step tag --version \$(cat VERSION)
Updating chart version in charts/godemo61/Chart.yaml to 0.0.39
Updating repository in charts/godemo61/values.yaml to docker-registry/myproject/godemo61
Updating tag in charts/godemo61/values.yaml to 0.0.39
error: Have you set up a git credential helper? See https://help.github.com/articles/caching-your-github-password-in-git/
: git output: To https://github.com/*********/godemo61.git
 ! [remote rejected] v0.0.39 -> v0.0.39 (cannot lock ref 'refs/tags/v0.0.39': reference already exists)
error: failed to push some refs to 'https://github.com/*********/godemo61.git': failed to run 'git push origin v0.0.39' command in directory '', output: 'To https://github.com/*********/godemo61.git
 ! [remote rejected] v0.0.39 -> v0.0.39 (cannot lock ref 'refs/tags/v0.0.39': reference already exists)
error: failed to push some refs to 'https://github.com/*********/godemo61.git''
error: failed to set the version on release pipelines: failed to run '/bin/sh -c ** step tag --version $(cat VERSION)' command in directory '/workspace/source', output: ''
[31m
Pipeline failed on stage 'meta-pipeline' : container 'step-create-tekton-crds'. The execution of the pipeline has stopped.[0m
