
Showing logs for build [32mjstrachan-godemo61-master-relea-vxb85-15[0m stage [32mfrom-build-pack[0m and container [32mstep-credential-initializer-z5qzn[0m
{"level":"info","ts":1597582178.6006472,"logger":"fallback-logger","caller":"logging/config.go:69","msg":"Fetch GitHub commit ID from kodata failed: open /var/run/ko/refs/heads/0.8.0-ns-support: no such file or directory"}
{"level":"info","ts":1597582178.6012168,"logger":"fallback-logger","caller":"creds-init/main.go:40","msg":"Credentials initialized."}

Showing logs for build [32mjstrachan-godemo61-master-relea-vxb85-15[0m stage [32mfrom-build-pack[0m and container [32mstep-working-dir-initializer-xbwz9[0m
{"level":"info","ts":1597582179.3347745,"logger":"fallback-logger","caller":"logging/config.go:69","msg":"Fetch GitHub commit ID from kodata failed: open /var/run/ko/HEAD: no such file or directory"}
{"level":"info","ts":1597582179.3398054,"logger":"fallback-logger","caller":"bash/main.go:64","msg":"Successfully executed command \"sh -c mkdir -p /workspace/source\"; output "}

Showing logs for build [32mjstrachan-godemo61-master-relea-vxb85-15[0m stage [32mfrom-build-pack[0m and container [32mstep-place-tools[0m

Showing logs for build [32mjstrachan-godemo61-master-relea-vxb85-15[0m stage [32mfrom-build-pack[0m and container [32mstep-git-source-jstrachan-godemo61-master-relea-vxb85-k2tsb[0m
{"level":"info","ts":1597582185.4851983,"logger":"fallback-logger","caller":"logging/config.go:69","msg":"Fetch GitHub commit ID from kodata failed: open /var/run/ko/refs/heads/0.8.0-ns-support: no such file or directory"}
{"level":"info","ts":1597582186.7244785,"logger":"fallback-logger","caller":"git/git.go:103","msg":"Successfully cloned https://github.com/*********/godemo61.git @ v0.0.46 in path /workspace/source"}

Showing logs for build [32mjstrachan-godemo61-master-relea-vxb85-15[0m stage [32mfrom-build-pack[0m and container [32mstep-git-merge[0m
Using SHAs from PULL_REFS=master:214dcba26d8ddfd5c598f51bb18da4e8f16039f9
WARNING: no SHAs to merge, falling back to initial cloned commit

Showing logs for build [32mjstrachan-godemo61-master-relea-vxb85-15[0m stage [32mfrom-build-pack[0m and container [32mstep-setup-jx-git-credentials[0m
Cloning the Jenkins X versions repo https://github.com/jenkins-x/**r-versions.git with ref refs/heads/master to /home/.**/jenkins-x-versions
Generated Git credentials file /workspace/xdg_config/git/credentials

Showing logs for build [32mjstrachan-godemo61-master-relea-vxb85-15[0m stage [32mfrom-build-pack[0m and container [32mstep-build-make-build[0m
CGO_ENABLED=0 GO15VENDOREXPERIMENT=1 go build -ldflags '' -o bin/godemo61 main.go

Showing logs for build [32mjstrachan-godemo61-master-relea-vxb85-15[0m stage [32mfrom-build-pack[0m and container [32mstep-build-container-build[0m
E0816 12:50:01.832061      11 aws_credentials.go:77] while getting AWS credentials NoCredentialProviders: no valid providers in chain. Deprecated.
	For verbose messaging see aws.Config.CredentialsChainVerboseErrors
[36mINFO[0m[0005] Using dockerignore file: /workspace/source/.dockerignore 
[36mINFO[0m[0005] No base image, nothing to extract            
[36mINFO[0m[0005] Built cross stage deps: map[]                
[36mINFO[0m[0005] No base image, nothing to extract            
[36mINFO[0m[0005] Executing 0 build triggers                   
[36mINFO[0m[0005] cmd: EXPOSE                                  
[36mINFO[0m[0005] Adding exposed port: 8080/tcp                
[36mINFO[0m[0005] Checking for cached layer docker-registry:80/myproject/cache:8a34204f1dfdedee312ce0ffca74e8868473820ba92a5c1b26e9235264cd3f49... 
[36mINFO[0m[0005] No cached layer found for cmd COPY ./bin/ /  
[36mINFO[0m[0005] Unpacking rootfs as cmd COPY ./bin/ / requires it. 
[36mINFO[0m[0005] EXPOSE 8080                                  
[36mINFO[0m[0005] cmd: EXPOSE                                  
[36mINFO[0m[0005] Adding exposed port: 8080/tcp                
[36mINFO[0m[0005] No files changed in this command, skipping snapshotting. 
[36mINFO[0m[0005] ENTRYPOINT ["/godemo61"]                     
[36mINFO[0m[0005] No files changed in this command, skipping snapshotting. 
[36mINFO[0m[0005] COPY ./bin/ /                                
[36mINFO[0m[0005] Taking snapshot of files...                  
[36mINFO[0m[0005] Pushing layer docker-registry:80/myproject/cache:8a34204f1dfdedee312ce0ffca74e8868473820ba92a5c1b26e9235264cd3f49 to cache now 

Showing logs for build [32mjstrachan-godemo61-master-relea-vxb85-15[0m stage [32mfrom-build-pack[0m and container [32mstep-promote-changelog[0m
Converted /workspace/source/charts/godemo61 to an unshallow repository
Generating change log from git ref 3ff247b2ffa785b5d22866ec1144964e445f4f73 => adf18342818c1e0f4058b11eedde58d7285a94a1
Associating user x-0 in users.jenkins.io with email jenkins-x@googlegroups.com to git GitProvider user with login -0 as emails match
Adding label jenkins.io/git-github-userid=-0 to user x-0 in users.jenkins.io
WARNING: Failed to enrich commit a19b185aee269151e14d2eade66cd1b81555e79a with issues: User.jenkins.io "x-0" is invalid: metadata.labels: Invalid value: "-0": a valid label must be an empty string or consist of alphanumeric characters, '-', '_' or '.', and must start and end with an alphanumeric character (e.g. 'MyValue',  or 'my_value',  or '12345', regex used for validation is '(([A-Za-z0-9][-A-Za-z0-9_.]*)?[A-Za-z0-9])?')
Finding issues in commit messages using git format
WARNING: No release found for *********/godemo61 and tag v0.0.46 so creating a new release
Updated the release information at https://github.com/*********/godemo61/releases/tag/v0.0.46
generated: /workspace/source/charts/godemo61/templates/release.yaml
Created Release godemo61-0-0-46 resource in namespace **
Updating PipelineActivity *********-godemo61-master-15 with version 0.0.46
Updated PipelineActivities *********-godemo61-master-15 with release notes URL: https://github.com/*********/godemo61/releases/tag/v0.0.46

Showing logs for build [32mjstrachan-godemo61-master-relea-vxb85-15[0m stage [32mfrom-build-pack[0m and container [32mstep-promote-helm-release[0m
WARNING: No $CHART_REPOSITORY defined so using the default value of: http://jenkins-x-chartmuseum:8080
Adding missing Helm repo: storage.googleapis.com https://storage.googleapis.com/chartmuseum.jenkins-x.io
Successfully added Helm repository storage.googleapis.com.
Adding missing Helm repo: jenkins-x-chartmuseum http://jenkins-x-chartmuseum:8080
error: failed to build dependencies for chart from directory '.': failed to add chart repositories: failed to add the Helm repository with URL 'http://jenkins-x-chartmuseum:8080': prompting for creds for http://jenkins-x-chartmuseum:8080: checking status code of http://jenkins-x-chartmuseum:8080/index.yaml: Get http://jenkins-x-chartmuseum:8080/index.yaml: dial tcp: lookup jenkins-x-chartmuseum on 10.96.0.10:53: no such host
[31m
Pipeline failed on stage 'from-build-pack' : container 'step-promote-helm-release'. The execution of the pipeline has stopped.[0m
