
Showing logs for build [32mjstrachan-godemo61-master-relea-6qm5d-17[0m stage [32mfrom-build-pack[0m and container [32mstep-credential-initializer-9ht5t[0m
{"level":"info","ts":1597642077.6855001,"logger":"fallback-logger","caller":"logging/config.go:69","msg":"Fetch GitHub commit ID from kodata failed: open /var/run/ko/refs/heads/0.8.0-ns-support: no such file or directory"}
{"level":"info","ts":1597642077.6863067,"logger":"fallback-logger","caller":"creds-init/main.go:40","msg":"Credentials initialized."}

Showing logs for build [32mjstrachan-godemo61-master-relea-6qm5d-17[0m stage [32mfrom-build-pack[0m and container [32mstep-working-dir-initializer-8lvb9[0m
{"level":"info","ts":1597642078.2034628,"logger":"fallback-logger","caller":"logging/config.go:69","msg":"Fetch GitHub commit ID from kodata failed: open /var/run/ko/HEAD: no such file or directory"}
{"level":"info","ts":1597642078.2102695,"logger":"fallback-logger","caller":"bash/main.go:64","msg":"Successfully executed command \"sh -c mkdir -p /workspace/source\"; output "}

Showing logs for build [32mjstrachan-godemo61-master-relea-6qm5d-17[0m stage [32mfrom-build-pack[0m and container [32mstep-place-tools[0m

Showing logs for build [32mjstrachan-godemo61-master-relea-6qm5d-17[0m stage [32mfrom-build-pack[0m and container [32mstep-git-source-jstrachan-godemo61-master-relea-6qm5d-mnwlf[0m
{"level":"info","ts":1597642084.311363,"logger":"fallback-logger","caller":"logging/config.go:69","msg":"Fetch GitHub commit ID from kodata failed: open /var/run/ko/refs/heads/0.8.0-ns-support: no such file or directory"}
{"level":"info","ts":1597642085.5913455,"logger":"fallback-logger","caller":"git/git.go:103","msg":"Successfully cloned https://github.com/*********/godemo61.git @ v0.0.58 in path /workspace/source"}

Showing logs for build [32mjstrachan-godemo61-master-relea-6qm5d-17[0m stage [32mfrom-build-pack[0m and container [32mstep-git-merge[0m
Using SHAs from PULL_REFS=master:8bbfcbe1362f5a5621d0a5254ad732890fe1417d
WARNING: no SHAs to merge, falling back to initial cloned commit

Showing logs for build [32mjstrachan-godemo61-master-relea-6qm5d-17[0m stage [32mfrom-build-pack[0m and container [32mstep-setup-jx-git-credentials[0m
Cloning the Jenkins X versions repo https://github.com/jenkins-x/**r-versions.git with ref refs/heads/master to /home/.**/jenkins-x-versions
Generated Git credentials file /workspace/xdg_config/git/credentials

Showing logs for build [32mjstrachan-godemo61-master-relea-6qm5d-17[0m stage [32mfrom-build-pack[0m and container [32mstep-build-make-build[0m
CGO_ENABLED=0 GO15VENDOREXPERIMENT=1 go build -ldflags '' -o bin/godemo61 main.go

Showing logs for build [32mjstrachan-godemo61-master-relea-6qm5d-17[0m stage [32mfrom-build-pack[0m and container [32mstep-build-container-build[0m
E0817 05:28:21.927802      11 aws_credentials.go:77] while getting AWS credentials NoCredentialProviders: no valid providers in chain. Deprecated.
	For verbose messaging see aws.Config.CredentialsChainVerboseErrors
[36mINFO[0m[0160] Using dockerignore file: /workspace/source/.dockerignore 
[36mINFO[0m[0160] No base image, nothing to extract            
[36mINFO[0m[0160] Built cross stage deps: map[]                
[36mINFO[0m[0160] No base image, nothing to extract            
[36mINFO[0m[0160] Executing 0 build triggers                   
[36mINFO[0m[0160] cmd: EXPOSE                                  
[36mINFO[0m[0160] Adding exposed port: 8080/tcp                
[36mINFO[0m[0160] Checking for cached layer 10.107.115.36/myproject/cache:4e36ff7bea9d506c3c79ed35e9c4643df305ec722fbc9c8f76b4038185deae2f... 
[36mINFO[0m[0314] No cached layer found for cmd COPY ./bin/ /  
[36mINFO[0m[0314] Unpacking rootfs as cmd COPY ./bin/ / requires it. 
[36mINFO[0m[0314] EXPOSE 8080                                  
[36mINFO[0m[0314] cmd: EXPOSE                                  
[36mINFO[0m[0314] Adding exposed port: 8080/tcp                
[36mINFO[0m[0314] No files changed in this command, skipping snapshotting. 
[36mINFO[0m[0314] ENTRYPOINT ["/godemo61"]                     
[36mINFO[0m[0314] No files changed in this command, skipping snapshotting. 
[36mINFO[0m[0314] COPY ./bin/ /                                
[36mINFO[0m[0314] Taking snapshot of files...                  
[36mINFO[0m[0314] Pushing layer 10.107.115.36/myproject/cache:4e36ff7bea9d506c3c79ed35e9c4643df305ec722fbc9c8f76b4038185deae2f to cache now 

Showing logs for build [32mjstrachan-godemo61-master-relea-6qm5d-17[0m stage [32mfrom-build-pack[0m and container [32mstep-promote-changelog[0m
Converted /workspace/source/charts/godemo61 to an unshallow repository
Generating change log from git ref ef4092d61760c1dd95e7041d8f90f739af8fccc3 => e1c015c7342bdecfe65ebaf942f7cc9eb6d9093d
Associating user x-0 in users.jenkins.io with email jenkins-x@googlegroups.com to git GitProvider user with login -0 as emails match
Adding label jenkins.io/git-github-userid=-0 to user x-0 in users.jenkins.io
WARNING: Failed to enrich commit 080d4cd2de398a9d1f9c772d5b87fa0dc2d9ba33 with issues: User.jenkins.io "x-0" is invalid: metadata.labels: Invalid value: "-0": a valid label must be an empty string or consist of alphanumeric characters, '-', '_' or '.', and must start and end with an alphanumeric character (e.g. 'MyValue',  or 'my_value',  or '12345', regex used for validation is '(([A-Za-z0-9][-A-Za-z0-9_.]*)?[A-Za-z0-9])?')
Associating user x-0 in users.jenkins.io with email jenkins-x@googlegroups.com to git GitProvider user with login -0 as emails match
Adding label jenkins.io/git-github-userid=-0 to user x-0 in users.jenkins.io
WARNING: Failed to enrich commit 080d4cd2de398a9d1f9c772d5b87fa0dc2d9ba33 with issues: User.jenkins.io "x-0" is invalid: metadata.labels: Invalid value: "-0": a valid label must be an empty string or consist of alphanumeric characters, '-', '_' or '.', and must start and end with an alphanumeric character (e.g. 'MyValue',  or 'my_value',  or '12345', regex used for validation is '(([A-Za-z0-9][-A-Za-z0-9_.]*)?[A-Za-z0-9])?')
Finding issues in commit messages using git format
WARNING: No release found for *********/godemo61 and tag v0.0.58 so creating a new release
Updated the release information at https://github.com/*********/godemo61/releases/tag/v0.0.58
generated: /workspace/source/charts/godemo61/templates/release.yaml
Created Release godemo61-0-0-58 resource in namespace **
Updating PipelineActivity *********-godemo61-master-17 with version 0.0.58
Updated PipelineActivities *********-godemo61-master-17 with release notes URL: https://github.com/*********/godemo61/releases/tag/v0.0.58

Showing logs for build [32mjstrachan-godemo61-master-relea-6qm5d-17[0m stage [32mfrom-build-pack[0m and container [32mstep-promote-helm-release[0m
Adding missing Helm repo: storage.googleapis.com https://storage.googleapis.com/chartmuseum.jenkins-x.io
Successfully added Helm repository storage.googleapis.com.
Adding missing Helm repo: bucketrepo http://bucketrepo/bucketrepo/charts/
Successfully added Helm repository bucketrepo.
Uploading chart file godemo61-0.0.58.tgz to http://bucketrepo/bucketrepo/charts/api/charts
Received 200 response: 

Showing logs for build [32mjstrachan-godemo61-master-relea-6qm5d-17[0m stage [32mfrom-build-pack[0m and container [32mstep-promote-jx-promote[0m
defaulting to the version 0.0.58 from $VERSION
loading version stream URL https://github.com/jenkins-x/**r-versions.git ref master
running command: git config --global credential.helper store
WARNING: prow based install so skip waiting for the merge of Pull Requests to go green as currently there is an issue with gettingstatuses from the PR, see https://github.com/jenkins-x/**/issues/2410
Promoting app godemo61 version 0.0.58 to namespace **-staging
running command: git clone ********************************************.git **-promote-168077845
Cloning into '**-promote-168077845'...
cloned https://github.com/*********/**3-demo-docker.git to /tmp/**-promote-168077845
created Pull Request ********************************************/pull/3 from dir /tmp/**-promote-168077845
The build for the Pull Request last commit is currently in progress.
The build for the Pull Request last commit is currently in progress.
The build for the Pull Request last commit is currently in progress.
The build for the Pull Request last commit is currently in progress.
The build for the Pull Request last commit is currently in progress.
The build for the Pull Request last commit is currently in progress.
The build for the Pull Request last commit is currently in progress.
Rebasing PullRequest due to conflict
running command: git clone https://github.com/*********/**3-demo-docker.git **-promote-538114319
Cloning into '**-promote-538114319'...
cloned https://github.com/*********/**3-demo-docker.git to /tmp/**-promote-538114319
The build for the Pull Request last commit is currently in progress.
The build for the Pull Request last commit is currently in progress.
The build for the Pull Request last commit is currently in progress.
The build for the Pull Request last commit is currently in progress.
The build for the Pull Request last commit is currently in progress.
The build for the Pull Request last commit is currently in progress.
The build for the Pull Request last commit is currently in progress.
Pull Request https://github.com/*********/**3-demo-docker/pull/3 is merged at sha b6b11f0156cc819a53215b1869e1c098af91767c
Pull Request merged but we are not waiting for the update pipeline to complete!
WARNING: Could not find the service URL in namespace **-staging for names godemo61, **-godemo61, **-staging-godemo61
