
Showing logs for build [32mjstrachan-godemo61-master-relea-4rlvq-18[0m stage [32mfrom-build-pack[0m and container [32mstep-credential-initializer-r2rkc[0m
{"level":"info","ts":1597645948.4208,"logger":"fallback-logger","caller":"logging/config.go:69","msg":"Fetch GitHub commit ID from kodata failed: open /var/run/ko/refs/heads/0.8.0-ns-support: no such file or directory"}
{"level":"info","ts":1597645948.4211483,"logger":"fallback-logger","caller":"creds-init/main.go:40","msg":"Credentials initialized."}

Showing logs for build [32mjstrachan-godemo61-master-relea-4rlvq-18[0m stage [32mfrom-build-pack[0m and container [32mstep-working-dir-initializer-gwjfq[0m
{"level":"info","ts":1597645949.4783254,"logger":"fallback-logger","caller":"logging/config.go:69","msg":"Fetch GitHub commit ID from kodata failed: open /var/run/ko/HEAD: no such file or directory"}
{"level":"info","ts":1597645949.4795213,"logger":"fallback-logger","caller":"bash/main.go:64","msg":"Successfully executed command \"sh -c mkdir -p /workspace/source\"; output "}

Showing logs for build [32mjstrachan-godemo61-master-relea-4rlvq-18[0m stage [32mfrom-build-pack[0m and container [32mstep-place-tools[0m

Showing logs for build [32mjstrachan-godemo61-master-relea-4rlvq-18[0m stage [32mfrom-build-pack[0m and container [32mstep-git-source-jstrachan-godemo61-master-relea-4rlvq-2jvwg[0m
{"level":"info","ts":1597645954.6060293,"logger":"fallback-logger","caller":"logging/config.go:69","msg":"Fetch GitHub commit ID from kodata failed: open /var/run/ko/refs/heads/0.8.0-ns-support: no such file or directory"}
{"level":"info","ts":1597645955.8191593,"logger":"fallback-logger","caller":"git/git.go:103","msg":"Successfully cloned https://github.com/*********/godemo61.git @ v0.0.64 in path /workspace/source"}

Showing logs for build [32mjstrachan-godemo61-master-relea-4rlvq-18[0m stage [32mfrom-build-pack[0m and container [32mstep-setup-builder-home[0m

Showing logs for build [32mjstrachan-godemo61-master-relea-4rlvq-18[0m stage [32mfrom-build-pack[0m and container [32mstep-git-merge[0m
Using SHAs from PULL_REFS=master:c12b8cf18d3a2e597c79991bdc8b53db4073e48e
WARNING: no SHAs to merge, falling back to initial cloned commit

Showing logs for build [32mjstrachan-godemo61-master-relea-4rlvq-18[0m stage [32mfrom-build-pack[0m and container [32mstep-setup-jx-git-credentials[0m
Generated Git credentials file /workspace/xdg_config/git/credentials

Showing logs for build [32mjstrachan-godemo61-master-relea-4rlvq-18[0m stage [32mfrom-build-pack[0m and container [32mstep-build-make-build[0m
CGO_ENABLED=0 GO15VENDOREXPERIMENT=1 go build -ldflags '' -o bin/godemo61 main.go

Showing logs for build [32mjstrachan-godemo61-master-relea-4rlvq-18[0m stage [32mfrom-build-pack[0m and container [32mstep-build-container-build[0m
E0817 06:32:48.013576      11 aws_credentials.go:77] while getting AWS credentials NoCredentialProviders: no valid providers in chain. Deprecated.
	For verbose messaging see aws.Config.CredentialsChainVerboseErrors
error checking push permissions -- make sure you entered the correct tag name, and that you are authenticated correctly, and try again: checking push permission for "docker-registry/myproject/godemo61:0.0.64": POST https://index.docker.io/v2/docker-registry/myproject/godemo61/blobs/uploads/: UNAUTHORIZED: authentication required; [map[Action:pull Class: Name:docker-registry/myproject/godemo61 Type:repository] map[Action:push Class: Name:docker-registry/myproject/godemo61 Type:repository]]
[31m
Pipeline failed on stage 'from-build-pack' : container 'step-build-container-build'. The execution of the pipeline has stopped.[0m
