
Showing logs for build [32mjstrachan-godemo61-master-relea-64qkt-22[0m stage [32mfrom-build-pack[0m and container [32mstep-credential-initializer-pvgqr[0m
{"level":"info","ts":1597661109.0256116,"logger":"fallback-logger","caller":"logging/config.go:69","msg":"Fetch GitHub commit ID from kodata failed: open /var/run/ko/refs/heads/0.8.0-ns-support: no such file or directory"}
{"level":"info","ts":1597661109.0271041,"logger":"fallback-logger","caller":"creds-init/main.go:40","msg":"Credentials initialized."}

Showing logs for build [32mjstrachan-godemo61-master-relea-64qkt-22[0m stage [32mfrom-build-pack[0m and container [32mstep-working-dir-initializer-h8fgp[0m
{"level":"info","ts":1597661109.970703,"logger":"fallback-logger","caller":"logging/config.go:69","msg":"Fetch GitHub commit ID from kodata failed: open /var/run/ko/HEAD: no such file or directory"}
{"level":"info","ts":1597661109.9725895,"logger":"fallback-logger","caller":"bash/main.go:64","msg":"Successfully executed command \"sh -c mkdir -p /workspace/source\"; output "}

Showing logs for build [32mjstrachan-godemo61-master-relea-64qkt-22[0m stage [32mfrom-build-pack[0m and container [32mstep-place-tools[0m

Showing logs for build [32mjstrachan-godemo61-master-relea-64qkt-22[0m stage [32mfrom-build-pack[0m and container [32mstep-git-source-jstrachan-godemo61-master-relea-64qkt-nhpwn[0m
{"level":"info","ts":1597661155.0752509,"logger":"fallback-logger","caller":"logging/config.go:69","msg":"Fetch GitHub commit ID from kodata failed: open /var/run/ko/refs/heads/0.8.0-ns-support: no such file or directory"}
{"level":"info","ts":1597661156.3381748,"logger":"fallback-logger","caller":"git/git.go:103","msg":"Successfully cloned https://github.com/*********/godemo61.git @ v0.0.80 in path /workspace/source"}

Showing logs for build [32mjstrachan-godemo61-master-relea-64qkt-22[0m stage [32mfrom-build-pack[0m and container [32mstep-setup-builder-home[0m

Showing logs for build [32mjstrachan-godemo61-master-relea-64qkt-22[0m stage [32mfrom-build-pack[0m and container [32mstep-git-merge[0m
Using SHAs from PULL_REFS=master:47ab795620b65aad1569f89a83ee3fe2d38d15d7
WARNING: no SHAs to merge, falling back to initial cloned commit

Showing logs for build [32mjstrachan-godemo61-master-relea-64qkt-22[0m stage [32mfrom-build-pack[0m and container [32mstep-setup-jx-git-credentials[0m
Generated Git credentials file /workspace/xdg_config/git/credentials

Showing logs for build [32mjstrachan-godemo61-master-relea-64qkt-22[0m stage [32mfrom-build-pack[0m and container [32mstep-build-make-build[0m
CGO_ENABLED=0 GO15VENDOREXPERIMENT=1 go build -ldflags '' -o bin/godemo61 main.go

Showing logs for build [32mjstrachan-godemo61-master-relea-64qkt-22[0m stage [32mfrom-build-pack[0m and container [32mstep-build-container-build[0m
unknown flag: --dockerfile
See 'docker build --help'.
[31m
Pipeline failed on stage 'from-build-pack' : container 'step-build-container-build'. The execution of the pipeline has stopped.[0m
