
Showing logs for build [32mjstrachan-godemo61-master-relea-rbz7h-23[0m stage [32mfrom-build-pack[0m and container [32mstep-credential-initializer-zhhx4[0m
{"level":"info","ts":1597661234.1003911,"logger":"fallback-logger","caller":"logging/config.go:69","msg":"Fetch GitHub commit ID from kodata failed: open /var/run/ko/refs/heads/0.8.0-ns-support: no such file or directory"}
{"level":"info","ts":1597661234.101338,"logger":"fallback-logger","caller":"creds-init/main.go:40","msg":"Credentials initialized."}

Showing logs for build [32mjstrachan-godemo61-master-relea-rbz7h-23[0m stage [32mfrom-build-pack[0m and container [32mstep-working-dir-initializer-s6pk6[0m
{"level":"info","ts":1597661235.0213377,"logger":"fallback-logger","caller":"logging/config.go:69","msg":"Fetch GitHub commit ID from kodata failed: open /var/run/ko/HEAD: no such file or directory"}
{"level":"info","ts":1597661235.0225272,"logger":"fallback-logger","caller":"bash/main.go:64","msg":"Successfully executed command \"sh -c mkdir -p /workspace/source\"; output "}

Showing logs for build [32mjstrachan-godemo61-master-relea-rbz7h-23[0m stage [32mfrom-build-pack[0m and container [32mstep-place-tools[0m

Showing logs for build [32mjstrachan-godemo61-master-relea-rbz7h-23[0m stage [32mfrom-build-pack[0m and container [32mstep-git-source-jstrachan-godemo61-master-relea-rbz7h-vhv6p[0m
{"level":"info","ts":1597661240.1075077,"logger":"fallback-logger","caller":"logging/config.go:69","msg":"Fetch GitHub commit ID from kodata failed: open /var/run/ko/refs/heads/0.8.0-ns-support: no such file or directory"}
{"level":"info","ts":1597661241.356238,"logger":"fallback-logger","caller":"git/git.go:103","msg":"Successfully cloned https://github.com/*********/godemo61.git @ v0.0.84 in path /workspace/source"}

Showing logs for build [32mjstrachan-godemo61-master-relea-rbz7h-23[0m stage [32mfrom-build-pack[0m and container [32mstep-setup-builder-home[0m

Showing logs for build [32mjstrachan-godemo61-master-relea-rbz7h-23[0m stage [32mfrom-build-pack[0m and container [32mstep-git-merge[0m
Using SHAs from PULL_REFS=master:4e03df309cfc90b1411a89b1651ea4c12254fe2e
WARNING: no SHAs to merge, falling back to initial cloned commit

Showing logs for build [32mjstrachan-godemo61-master-relea-rbz7h-23[0m stage [32mfrom-build-pack[0m and container [32mstep-setup-jx-git-credentials[0m
Generated Git credentials file /workspace/xdg_config/git/credentials

Showing logs for build [32mjstrachan-godemo61-master-relea-rbz7h-23[0m stage [32mfrom-build-pack[0m and container [32mstep-build-make-build[0m
CGO_ENABLED=0 GO15VENDOREXPERIMENT=1 go build -ldflags '' -o bin/godemo61 main.go

Showing logs for build [32mjstrachan-godemo61-master-relea-rbz7h-23[0m stage [32mfrom-build-pack[0m and container [32mstep-build-container-build[0m
"docker build" requires exactly 1 argument.
See 'docker build --help'.

Usage:  docker build [OPTIONS] PATH | URL | -

Build an image from a Dockerfile
[31m
Pipeline failed on stage 'from-build-pack' : container 'step-build-container-build'. The execution of the pipeline has stopped.[0m
