
Showing logs for build [32mjstrachan-godemo61-master-relea-7lnnf-4[0m stage [32mfrom-build-pack[0m and container [32mstep-credential-initializer-cbg9f[0m
{"level":"info","ts":1597565844.2520397,"logger":"fallback-logger","caller":"logging/config.go:69","msg":"Fetch GitHub commit ID from kodata failed: open /var/run/ko/refs/heads/0.8.0-ns-support: no such file or directory"}
{"level":"info","ts":1597565844.2526233,"logger":"fallback-logger","caller":"creds-init/main.go:40","msg":"Credentials initialized."}

Showing logs for build [32mjstrachan-godemo61-master-relea-7lnnf-4[0m stage [32mfrom-build-pack[0m and container [32mstep-working-dir-initializer-rcjrc[0m
{"level":"info","ts":1597565845.0312383,"logger":"fallback-logger","caller":"logging/config.go:69","msg":"Fetch GitHub commit ID from kodata failed: open /var/run/ko/HEAD: no such file or directory"}
{"level":"info","ts":1597565845.0349221,"logger":"fallback-logger","caller":"bash/main.go:64","msg":"Successfully executed command \"sh -c mkdir -p /workspace/source\"; output "}

Showing logs for build [32mjstrachan-godemo61-master-relea-7lnnf-4[0m stage [32mfrom-build-pack[0m and container [32mstep-place-tools[0m

Showing logs for build [32mjstrachan-godemo61-master-relea-7lnnf-4[0m stage [32mfrom-build-pack[0m and container [32mstep-git-source-jstrachan-godemo61-master-relea-7lnnf-qtc45[0m
{"level":"info","ts":1597565850.193126,"logger":"fallback-logger","caller":"logging/config.go:69","msg":"Fetch GitHub commit ID from kodata failed: open /var/run/ko/refs/heads/0.8.0-ns-support: no such file or directory"}
{"level":"info","ts":1597565851.9207861,"logger":"fallback-logger","caller":"git/git.go:103","msg":"Successfully cloned https://github.com/*********/godemo61.git @ v0.0.18 in path /workspace/source"}

Showing logs for build [32mjstrachan-godemo61-master-relea-7lnnf-4[0m stage [32mfrom-build-pack[0m and container [32mstep-git-merge[0m
Using SHAs from PULL_REFS=master:4dc97b3912922ed412c6b56cedac8f2652e77d31
WARNING: no SHAs to merge, falling back to initial cloned commit

Showing logs for build [32mjstrachan-godemo61-master-relea-7lnnf-4[0m stage [32mfrom-build-pack[0m and container [32mstep-setup-jx-git-credentials[0m
Cloning the Jenkins X versions repo https://github.com/jenkins-x/**r-versions.git with ref refs/heads/master to /home/.**/jenkins-x-versions
Generated Git credentials file /workspace/xdg_config/git/credentials

Showing logs for build [32mjstrachan-godemo61-master-relea-7lnnf-4[0m stage [32mfrom-build-pack[0m and container [32mstep-build-make-build[0m
CGO_ENABLED=0 GO15VENDOREXPERIMENT=1 go build -ldflags '' -o bin/godemo61 main.go

Showing logs for build [32mjstrachan-godemo61-master-relea-7lnnf-4[0m stage [32mfrom-build-pack[0m and container [32mstep-build-container-build[0m
error checking push permissions -- make sure you entered the correct tag name, and that you are authenticated correctly, and try again: checking push permission for "docker-registry:5000/myproject/godemo61:0.0.18": creating push check transport for docker-registry:5000 failed: Get "https://docker-registry:5000/v2/": dial tcp 10.107.115.36:5000: i/o timeout
[31m
Pipeline failed on stage 'from-build-pack' : container 'step-build-container-build'. The execution of the pipeline has stopped.[0m
