
Showing logs for build [32mmeta-jstrachan-godemo61-master-nk7d7-8[0m stage [32mmeta-pipeline[0m and container [32mstep-credential-initializer-5htjb[0m
{"level":"info","ts":1597574333.2859797,"logger":"fallback-logger","caller":"logging/config.go:69","msg":"Fetch GitHub commit ID from kodata failed: open /var/run/ko/refs/heads/0.8.0-ns-support: no such file or directory"}
{"level":"info","ts":1597574333.286423,"logger":"fallback-logger","caller":"creds-init/main.go:40","msg":"Credentials initialized."}

Showing logs for build [32mmeta-jstrachan-godemo61-master-nk7d7-8[0m stage [32mmeta-pipeline[0m and container [32mstep-working-dir-initializer-tgclc[0m
{"level":"info","ts":1597574334.4769166,"logger":"fallback-logger","caller":"logging/config.go:69","msg":"Fetch GitHub commit ID from kodata failed: open /var/run/ko/HEAD: no such file or directory"}
{"level":"info","ts":1597574334.4788854,"logger":"fallback-logger","caller":"bash/main.go:64","msg":"Successfully executed command \"sh -c mkdir -p /workspace/source\"; output "}

Showing logs for build [32mmeta-jstrachan-godemo61-master-nk7d7-8[0m stage [32mmeta-pipeline[0m and container [32mstep-place-tools[0m

Showing logs for build [32mmeta-jstrachan-godemo61-master-nk7d7-8[0m stage [32mmeta-pipeline[0m and container [32mstep-git-source-meta-jstrachan-godemo61-master-nk7d7-2zppv[0m
{"level":"info","ts":1597574338.5662303,"logger":"fallback-logger","caller":"logging/config.go:69","msg":"Fetch GitHub commit ID from kodata failed: open /var/run/ko/refs/heads/0.8.0-ns-support: no such file or directory"}
{"level":"info","ts":1597574339.8343673,"logger":"fallback-logger","caller":"git/git.go:103","msg":"Successfully cloned https://github.com/*********/godemo61.git @ 5a8636abd818b84851f0e58772b51b9e5f726c87 in path /workspace/source"}

Showing logs for build [32mmeta-jstrachan-godemo61-master-nk7d7-8[0m stage [32mmeta-pipeline[0m and container [32mstep-setup-builder-home[0m

Showing logs for build [32mmeta-jstrachan-godemo61-master-nk7d7-8[0m stage [32mmeta-pipeline[0m and container [32mstep-git-merge[0m
Using SHAs from PULL_REFS=master:5a8636abd818b84851f0e58772b51b9e5f726c87
WARNING: no SHAs to merge, falling back to initial cloned commit

Showing logs for build [32mmeta-jstrachan-godemo61-master-nk7d7-8[0m stage [32mmeta-pipeline[0m and container [32mstep-merge-pull-refs[0m
SKIP merge-pull-refs: Nothing to merge

Showing logs for build [32mmeta-jstrachan-godemo61-master-nk7d7-8[0m stage [32mmeta-pipeline[0m and container [32mstep-create-effective-pipeline[0m
Cloning the Jenkins X versions repo https://github.com/jenkins-x/**r-versions.git with ref refs/heads/master to /home/.**/jenkins-x-versions
error: failed to load project config in dir /workspace/source: failed to validate YAML file /workspace/source/jenkins-x.yml due to yaml: line 9: could not find expected ':'
[31m
Pipeline failed on stage 'meta-pipeline' : container 'step-create-effective-pipeline'. The execution of the pipeline has stopped.[0m
