
Showing logs for build [32mjstrachan-godemo61-master-relea-hdc4k-9[0m stage [32mfrom-build-pack[0m and container [32mstep-credential-initializer-d7brg[0m
{"level":"info","ts":1597574455.6963425,"logger":"fallback-logger","caller":"logging/config.go:69","msg":"Fetch GitHub commit ID from kodata failed: open /var/run/ko/refs/heads/0.8.0-ns-support: no such file or directory"}
{"level":"info","ts":1597574455.6966383,"logger":"fallback-logger","caller":"creds-init/main.go:40","msg":"Credentials initialized."}

Showing logs for build [32mjstrachan-godemo61-master-relea-hdc4k-9[0m stage [32mfrom-build-pack[0m and container [32mstep-working-dir-initializer-m8qdq[0m
{"level":"info","ts":1597574456.840629,"logger":"fallback-logger","caller":"logging/config.go:69","msg":"Fetch GitHub commit ID from kodata failed: open /var/run/ko/HEAD: no such file or directory"}
{"level":"info","ts":1597574456.8429968,"logger":"fallback-logger","caller":"bash/main.go:64","msg":"Successfully executed command \"sh -c mkdir -p /workspace/source\"; output "}

Showing logs for build [32mjstrachan-godemo61-master-relea-hdc4k-9[0m stage [32mfrom-build-pack[0m and container [32mstep-place-tools[0m

Showing logs for build [32mjstrachan-godemo61-master-relea-hdc4k-9[0m stage [32mfrom-build-pack[0m and container [32mstep-git-source-jstrachan-godemo61-master-relea-hdc4k-9c9z9[0m
{"level":"info","ts":1597574462.9386115,"logger":"fallback-logger","caller":"logging/config.go:69","msg":"Fetch GitHub commit ID from kodata failed: open /var/run/ko/refs/heads/0.8.0-ns-support: no such file or directory"}
{"level":"info","ts":1597574465.6348264,"logger":"fallback-logger","caller":"git/git.go:103","msg":"Successfully cloned https://github.com/*********/godemo61.git @ v0.0.28 in path /workspace/source"}

Showing logs for build [32mjstrachan-godemo61-master-relea-hdc4k-9[0m stage [32mfrom-build-pack[0m and container [32mstep-git-merge[0m
Using SHAs from PULL_REFS=master:17225b8bcc5b361b963a1bbc5e051149f9cda22f
WARNING: no SHAs to merge, falling back to initial cloned commit

Showing logs for build [32mjstrachan-godemo61-master-relea-hdc4k-9[0m stage [32mfrom-build-pack[0m and container [32mstep-setup-jx-git-credentials[0m
Cloning the Jenkins X versions repo https://github.com/jenkins-x/**r-versions.git with ref refs/heads/master to /home/.**/jenkins-x-versions
Generated Git credentials file /workspace/xdg_config/git/credentials

Showing logs for build [32mjstrachan-godemo61-master-relea-hdc4k-9[0m stage [32mfrom-build-pack[0m and container [32mstep-build-make-build[0m
CGO_ENABLED=0 GO15VENDOREXPERIMENT=1 go build -ldflags '' -o bin/godemo61 main.go

Showing logs for build [32mjstrachan-godemo61-master-relea-hdc4k-9[0m stage [32mfrom-build-pack[0m and container [32mstep-build-container-build[0m
E0816 10:41:23.322838      10 aws_credentials.go:77] while getting AWS credentials NoCredentialProviders: no valid providers in chain. Deprecated.
	For verbose messaging see aws.Config.CredentialsChainVerboseErrors
error checking push permissions -- make sure you entered the correct tag name, and that you are authenticated correctly, and try again: checking push permission for "docker-registry:5000/myproject/godemo61:0.0.28": creating push check transport for docker-registry:5000 failed: Get "http://docker-registry:5000/v2/": dial tcp 10.107.115.36:5000: i/o timeout
[31m
Pipeline failed on stage 'from-build-pack' : container 'step-build-container-build'. The execution of the pipeline has stopped.[0m
